{"/Users/sharbelkhoury/Skalbara/Skalbara-och-feltoleranta-system/hotel404/backend/src/logger.ts": {"path":"/Users/sharbelkhoury/Skalbara/Skalbara-och-feltoleranta-system/hotel404/backend/src/logger.ts","statementMap":{"0":{"start":{"line":1,"column":0},"end":{"line":1,"column":30}},"1":{"start":{"line":2,"column":0},"end":{"line":2,"column":24}},"2":{"start":{"line":8,"column":15},"end":{"line":8,"column":47}},"3":{"start":{"line":9,"column":49},"end":{"line":9,"column":63}},"4":{"start":{"line":12,"column":22},"end":{"line":22,"column":1}},"5":{"start":{"line":13,"column":18},"end":{"line":13,"column":51}},"6":{"start":{"line":14,"column":18},"end":{"line":14,"column":54}},"7":{"start":{"line":15,"column":4},"end":{"line":20,"column":5}},"8":{"start":{"line":16,"column":23},"end":{"line":16,"column":31}},"9":{"start":{"line":17,"column":23},"end":{"line":17,"column":46}},"10":{"start":{"line":18,"column":25},"end":{"line":18,"column":33}},"11":{"start":{"line":19,"column":6},"end":{"line":19,"column":41}},"12":{"start":{"line":21,"column":4},"end":{"line":21,"column":21}},"13":{"start":{"line":25,"column":18},"end":{"line":28,"column":2}},"14":{"start":{"line":26,"column":23},"end":{"line":26,"column":38}},"15":{"start":{"line":27,"column":4},"end":{"line":27,"column":79}},"16":{"start":{"line":31,"column":15},"end":{"line":45,"column":2}},"17":{"start":{"line":47,"column":0},"end":{"line":47,"column":22}}},"fnMap":{"0":{"name":"(anonymous_1)","decl":{"start":{"line":12,"column":22},"end":{"line":12,"column":25}},"loc":{"start":{"line":12,"column":27},"end":{"line":22,"column":1}}},"1":{"name":"(anonymous_2)","decl":{"start":{"line":25,"column":25},"end":{"line":25,"column":26}},"loc":{"start":{"line":25,"column":59},"end":{"line":28,"column":1}}}},"branchMap":{"0":{"loc":{"start":{"line":13,"column":18},"end":{"line":13,"column":51}},"type":"cond-expr","locations":[{"start":{"line":13,"column":35},"end":{"line":13,"column":37}},{"start":{"line":13,"column":35},"end":{"line":13,"column":51}}]},"1":{"loc":{"start":{"line":13,"column":18},"end":{"line":13,"column":37}},"type":"binary-expr","locations":[{"start":{"line":13,"column":18},"end":{"line":13,"column":37}},{"start":{"line":13,"column":35},"end":{"line":13,"column":37}}]},"2":{"loc":{"start":{"line":14,"column":18},"end":{"line":14,"column":54}},"type":"cond-expr","locations":[{"start":{"line":14,"column":23},"end":{"line":14,"column":25}},{"start":{"line":14,"column":18},"end":{"line":14,"column":54}}]},"3":{"loc":{"start":{"line":14,"column":18},"end":{"line":14,"column":25}},"type":"binary-expr","locations":[{"start":{"line":14,"column":18},"end":{"line":14,"column":25}},{"start":{"line":14,"column":18},"end":{"line":14,"column":25}}]},"4":{"loc":{"start":{"line":15,"column":4},"end":{"line":20,"column":5}},"type":"if","locations":[{"start":{"line":15,"column":4},"end":{"line":20,"column":5}}]}},"s":{"0":2,"1":2,"2":2,"3":2,"4":2,"5":1,"6":1,"7":1,"8":1,"9":1,"10":1,"11":1,"12":0,"13":2,"14":1,"15":1,"16":2,"17":2},"f":{"0":1,"1":1},"b":{"0":[0,1],"1":[1,1],"2":[0,1],"3":[1,1],"4":[1]}}
,"/Users/sharbelkhoury/Skalbara/Skalbara-och-feltoleranta-system/hotel404/backend/src/Model/Booking.ts": {"path":"/Users/sharbelkhoury/Skalbara/Skalbara-och-feltoleranta-system/hotel404/backend/src/Model/Booking.ts","statementMap":{"0":{"start":{"line":1,"column":0},"end":{"line":1,"column":32}},"1":{"start":{"line":3,"column":22},"end":{"line":23,"column":2}},"2":{"start":{"line":25,"column":13},"end":{"line":25,"column":65}}},"fnMap":{},"branchMap":{},"s":{"0":1,"1":1,"2":1},"f":{},"b":{}}
,"/Users/sharbelkhoury/Skalbara/Skalbara-och-feltoleranta-system/hotel404/backend/src/Model/HotelModel.ts": {"path":"/Users/sharbelkhoury/Skalbara/Skalbara-och-feltoleranta-system/hotel404/backend/src/Model/HotelModel.ts","statementMap":{"0":{"start":{"line":2,"column":0},"end":{"line":2,"column":32}},"1":{"start":{"line":4,"column":20},"end":{"line":40,"column":2}},"2":{"start":{"line":42,"column":13},"end":{"line":42,"column":58}}},"fnMap":{},"branchMap":{},"s":{"0":1,"1":1,"2":1},"f":{},"b":{}}
,"/Users/sharbelkhoury/Skalbara/Skalbara-och-feltoleranta-system/hotel404/backend/src/controllers/auth.ts": {"path":"/Users/sharbelkhoury/Skalbara/Skalbara-och-feltoleranta-system/hotel404/backend/src/controllers/auth.ts","statementMap":{"0":{"start":{"line":1,"column":0},"end":{"line":1,"column":31}},"1":{"start":{"line":3,"column":0},"end":{"line":3,"column":31}},"2":{"start":{"line":6,"column":13},"end":{"line":6,"column":56}},"3":{"start":{"line":9,"column":31},"end":{"line":30,"column":1}},"4":{"start":{"line":11,"column":18},"end":{"line":11,"column":35}},"5":{"start":{"line":14,"column":4},"end":{"line":29,"column":5}},"6":{"start":{"line":15,"column":8},"end":{"line":25,"column":9}},"7":{"start":{"line":17,"column":27},"end":{"line":17,"column":63}},"8":{"start":{"line":20,"column":12},"end":{"line":20,"column":65}},"9":{"start":{"line":21,"column":12},"end":{"line":21,"column":19}},"10":{"start":{"line":23,"column":12},"end":{"line":23,"column":49}},"11":{"start":{"line":24,"column":12},"end":{"line":24,"column":39}},"12":{"start":{"line":28,"column":8},"end":{"line":28,"column":28}},"13":{"start":{"line":9,"column":13},"end":{"line":9,"column":31}}},"fnMap":{"0":{"name":"(anonymous_1)","decl":{"start":{"line":9,"column":31},"end":{"line":9,"column":32}},"loc":{"start":{"line":9,"column":83},"end":{"line":30,"column":1}}}},"branchMap":{"0":{"loc":{"start":{"line":14,"column":4},"end":{"line":29,"column":5}},"type":"if","locations":[{"start":{"line":14,"column":4},"end":{"line":29,"column":5}},{"start":{"line":26,"column":11},"end":{"line":29,"column":5}}]}},"s":{"0":1,"1":1,"2":1,"3":1,"4":3,"5":3,"6":2,"7":2,"8":1,"9":1,"10":1,"11":1,"12":1,"13":1},"f":{"0":3},"b":{"0":[2,1]}}
,"/Users/sharbelkhoury/Skalbara/Skalbara-och-feltoleranta-system/hotel404/backend/src/controllers/hotelController.ts": {"path":"/Users/sharbelkhoury/Skalbara/Skalbara-och-feltoleranta-system/hotel404/backend/src/controllers/hotelController.ts","statementMap":{"0":{"start":{"line":6,"column":0},"end":{"line":6,"column":22}},"1":{"start":{"line":29,"column":0},"end":{"line":29,"column":22}},"2":{"start":{"line":44,"column":0},"end":{"line":44,"column":22}},"3":{"start":{"line":50,"column":0},"end":{"line":50,"column":22}},"4":{"start":{"line":72,"column":0},"end":{"line":72,"column":22}},"5":{"start":{"line":95,"column":0},"end":{"line":95,"column":22}},"6":{"start":{"line":1,"column":0},"end":{"line":1,"column":43}},"7":{"start":{"line":2,"column":0},"end":{"line":2,"column":44}},"8":{"start":{"line":3,"column":0},"end":{"line":3,"column":31}},"9":{"start":{"line":8,"column":2},"end":{"line":14,"column":3}},"10":{"start":{"line":9,"column":4},"end":{"line":9,"column":54}},"11":{"start":{"line":10,"column":4},"end":{"line":10,"column":35}},"12":{"start":{"line":13,"column":4},"end":{"line":13,"column":32}},"13":{"start":{"line":16,"column":22},"end":{"line":16,"column":40}},"14":{"start":{"line":17,"column":23},"end":{"line":17,"column":39}},"15":{"start":{"line":18,"column":19},"end":{"line":18,"column":21}},"16":{"start":{"line":19,"column":2},"end":{"line":25,"column":3}},"17":{"start":{"line":20,"column":19},"end":{"line":20,"column":80}},"18":{"start":{"line":21,"column":4},"end":{"line":24,"column":5}},"19":{"start":{"line":22,"column":6},"end":{"line":22,"column":29}},"20":{"start":{"line":23,"column":6},"end":{"line":23,"column":41}},"21":{"start":{"line":26,"column":2},"end":{"line":26,"column":20}},"22":{"start":{"line":30,"column":18},"end":{"line":30,"column":27}},"23":{"start":{"line":31,"column":19},"end":{"line":31,"column":55}},"24":{"start":{"line":32,"column":2},"end":{"line":39,"column":3}},"25":{"start":{"line":33,"column":28},"end":{"line":33,"column":55}},"26":{"start":{"line":34,"column":26},"end":{"line":34,"column":51}},"27":{"start":{"line":35,"column":4},"end":{"line":38,"column":5}},"28":{"start":{"line":36,"column":6},"end":{"line":36,"column":42}},"29":{"start":{"line":37,"column":6},"end":{"line":37,"column":19}},"30":{"start":{"line":40,"column":2},"end":{"line":40,"column":35}},"31":{"start":{"line":41,"column":2},"end":{"line":41,"column":14}},"32":{"start":{"line":45,"column":17},"end":{"line":45,"column":35}},"33":{"start":{"line":46,"column":2},"end":{"line":46,"column":34}},"34":{"start":{"line":47,"column":2},"end":{"line":47,"column":16}},"35":{"start":{"line":52,"column":4},"end":{"line":69,"column":5}},"36":{"start":{"line":53,"column":22},"end":{"line":53,"column":51}},"37":{"start":{"line":54,"column":8},"end":{"line":58,"column":9}},"38":{"start":{"line":56,"column":12},"end":{"line":56,"column":44}},"39":{"start":{"line":57,"column":12},"end":{"line":57,"column":47}},"40":{"start":{"line":59,"column":8},"end":{"line":59,"column":21}},"41":{"start":{"line":63,"column":8},"end":{"line":67,"column":9}},"42":{"start":{"line":64,"column":12},"end":{"line":64,"column":50}},"43":{"start":{"line":66,"column":12},"end":{"line":66,"column":53}},"44":{"start":{"line":68,"column":8},"end":{"line":68,"column":20}},"45":{"start":{"line":74,"column":4},"end":{"line":92,"column":5}},"46":{"start":{"line":75,"column":22},"end":{"line":75,"column":72}},"47":{"start":{"line":76,"column":8},"end":{"line":76,"column":47}},"48":{"start":{"line":77,"column":8},"end":{"line":81,"column":9}},"49":{"start":{"line":79,"column":12},"end":{"line":79,"column":44}},"50":{"start":{"line":80,"column":12},"end":{"line":80,"column":37}},"51":{"start":{"line":82,"column":8},"end":{"line":82,"column":21}},"52":{"start":{"line":86,"column":8},"end":{"line":90,"column":9}},"53":{"start":{"line":87,"column":12},"end":{"line":87,"column":72}},"54":{"start":{"line":89,"column":12},"end":{"line":89,"column":53}},"55":{"start":{"line":91,"column":8},"end":{"line":91,"column":20}},"56":{"start":{"line":96,"column":2},"end":{"line":96,"column":27}}},"fnMap":{"0":{"name":"getHotels","decl":{"start":{"line":6,"column":22},"end":{"line":6,"column":31}},"loc":{"start":{"line":6,"column":86},"end":{"line":27,"column":null}}},"1":{"name":"hotelFreeBetweenDates","decl":{"start":{"line":29,"column":22},"end":{"line":29,"column":43}},"loc":{"start":{"line":29,"column":83},"end":{"line":42,"column":null}}},"2":{"name":"getAllHotels","decl":{"start":{"line":44,"column":22},"end":{"line":44,"column":34}},"loc":{"start":{"line":44,"column":34},"end":{"line":48,"column":null}}},"3":{"name":"getHotelDocumentById","decl":{"start":{"line":50,"column":22},"end":{"line":50,"column":42}},"loc":{"start":{"line":50,"column":58},"end":{"line":70,"column":null}}},"4":{"name":"getHotelDocumentByName","decl":{"start":{"line":72,"column":22},"end":{"line":72,"column":44}},"loc":{"start":{"line":72,"column":62},"end":{"line":93,"column":null}}},"5":{"name":"createHotel","decl":{"start":{"line":95,"column":22},"end":{"line":95,"column":33}},"loc":{"start":{"line":95,"column":43},"end":{"line":97,"column":null}}}},"branchMap":{"0":{"loc":{"start":{"line":8,"column":2},"end":{"line":14,"column":3}},"type":"if","locations":[{"start":{"line":8,"column":2},"end":{"line":14,"column":3}},{"start":{"line":12,"column":6},"end":{"line":14,"column":3}}]},"1":{"loc":{"start":{"line":21,"column":4},"end":{"line":24,"column":5}},"type":"if","locations":[{"start":{"line":21,"column":4},"end":{"line":24,"column":5}}]},"2":{"loc":{"start":{"line":35,"column":4},"end":{"line":38,"column":5}},"type":"if","locations":[{"start":{"line":35,"column":4},"end":{"line":38,"column":5}}]},"3":{"loc":{"start":{"line":35,"column":7},"end":{"line":35,"column":63}},"type":"binary-expr","locations":[{"start":{"line":35,"column":7},"end":{"line":35,"column":32}},{"start":{"line":35,"column":36},"end":{"line":35,"column":63}}]},"4":{"loc":{"start":{"line":54,"column":8},"end":{"line":58,"column":9}},"type":"if","locations":[{"start":{"line":54,"column":8},"end":{"line":58,"column":9}}]},"5":{"loc":{"start":{"line":63,"column":8},"end":{"line":67,"column":9}},"type":"if","locations":[{"start":{"line":63,"column":8},"end":{"line":67,"column":9}},{"start":{"line":65,"column":15},"end":{"line":67,"column":9}}]},"6":{"loc":{"start":{"line":77,"column":8},"end":{"line":81,"column":9}},"type":"if","locations":[{"start":{"line":77,"column":8},"end":{"line":81,"column":9}}]},"7":{"loc":{"start":{"line":86,"column":8},"end":{"line":90,"column":9}},"type":"if","locations":[{"start":{"line":86,"column":8},"end":{"line":90,"column":9}},{"start":{"line":88,"column":15},"end":{"line":90,"column":9}}]}},"s":{"0":1,"1":1,"2":1,"3":1,"4":1,"5":1,"6":1,"7":1,"8":1,"9":2,"10":1,"11":1,"12":1,"13":2,"14":2,"15":2,"16":2,"17":3,"18":3,"19":3,"20":3,"21":2,"22":3,"23":3,"24":3,"25":0,"26":0,"27":0,"28":0,"29":0,"30":3,"31":3,"32":0,"33":0,"34":0,"35":0,"36":0,"37":0,"38":0,"39":0,"40":0,"41":0,"42":0,"43":0,"44":0,"45":0,"46":0,"47":0,"48":0,"49":0,"50":0,"51":0,"52":0,"53":0,"54":0,"55":0,"56":0},"f":{"0":2,"1":3,"2":0,"3":0,"4":0,"5":0},"b":{"0":[1,1],"1":[3],"2":[0],"3":[0,0],"4":[0],"5":[0,0],"6":[0],"7":[0,0]}}
}
