{"C:\\Users\\David\\Desktop\\scalable\\Skalbara-och-feltoleranta-system\\hotel404\\backend\\src\\logger.ts": {"path":"C:\\Users\\David\\Desktop\\scalable\\Skalbara-och-feltoleranta-system\\hotel404\\backend\\src\\logger.ts","statementMap":{"0":{"start":{"line":1,"column":0},"end":{"line":1,"column":30}},"1":{"start":{"line":2,"column":0},"end":{"line":2,"column":24}},"2":{"start":{"line":8,"column":15},"end":{"line":8,"column":47}},"3":{"start":{"line":9,"column":49},"end":{"line":9,"column":63}},"4":{"start":{"line":12,"column":22},"end":{"line":22,"column":1}},"5":{"start":{"line":13,"column":18},"end":{"line":13,"column":51}},"6":{"start":{"line":14,"column":18},"end":{"line":14,"column":54}},"7":{"start":{"line":15,"column":4},"end":{"line":20,"column":5}},"8":{"start":{"line":16,"column":23},"end":{"line":16,"column":31}},"9":{"start":{"line":17,"column":23},"end":{"line":17,"column":46}},"10":{"start":{"line":18,"column":25},"end":{"line":18,"column":33}},"11":{"start":{"line":19,"column":6},"end":{"line":19,"column":41}},"12":{"start":{"line":21,"column":4},"end":{"line":21,"column":21}},"13":{"start":{"line":25,"column":18},"end":{"line":28,"column":2}},"14":{"start":{"line":26,"column":23},"end":{"line":26,"column":38}},"15":{"start":{"line":27,"column":4},"end":{"line":27,"column":79}},"16":{"start":{"line":31,"column":15},"end":{"line":45,"column":2}},"17":{"start":{"line":47,"column":0},"end":{"line":47,"column":22}}},"fnMap":{"0":{"name":"(anonymous_1)","decl":{"start":{"line":12,"column":22},"end":{"line":12,"column":25}},"loc":{"start":{"line":12,"column":27},"end":{"line":22,"column":1}}},"1":{"name":"(anonymous_2)","decl":{"start":{"line":25,"column":25},"end":{"line":25,"column":26}},"loc":{"start":{"line":25,"column":59},"end":{"line":28,"column":1}}}},"branchMap":{"0":{"loc":{"start":{"line":13,"column":18},"end":{"line":13,"column":51}},"type":"cond-expr","locations":[{"start":{"line":13,"column":35},"end":{"line":13,"column":37}},{"start":{"line":13,"column":35},"end":{"line":13,"column":51}}]},"1":{"loc":{"start":{"line":13,"column":18},"end":{"line":13,"column":37}},"type":"binary-expr","locations":[{"start":{"line":13,"column":18},"end":{"line":13,"column":37}},{"start":{"line":13,"column":35},"end":{"line":13,"column":37}}]},"2":{"loc":{"start":{"line":14,"column":18},"end":{"line":14,"column":54}},"type":"cond-expr","locations":[{"start":{"line":14,"column":23},"end":{"line":14,"column":25}},{"start":{"line":14,"column":18},"end":{"line":14,"column":54}}]},"3":{"loc":{"start":{"line":14,"column":18},"end":{"line":14,"column":25}},"type":"binary-expr","locations":[{"start":{"line":14,"column":18},"end":{"line":14,"column":25}},{"start":{"line":14,"column":18},"end":{"line":14,"column":25}}]},"4":{"loc":{"start":{"line":15,"column":4},"end":{"line":20,"column":5}},"type":"if","locations":[{"start":{"line":15,"column":4},"end":{"line":20,"column":5}}]}},"s":{"0":1,"1":1,"2":1,"3":1,"4":1,"5":1,"6":1,"7":1,"8":1,"9":1,"10":1,"11":1,"12":0,"13":1,"14":1,"15":1,"16":1,"17":1},"f":{"0":1,"1":1},"b":{"0":[0,1],"1":[1,1],"2":[0,1],"3":[1,1],"4":[1]}}
,"C:\\Users\\David\\Desktop\\scalable\\Skalbara-och-feltoleranta-system\\hotel404\\backend\\src\\controllers\\auth.ts": {"path":"C:\\Users\\David\\Desktop\\scalable\\Skalbara-och-feltoleranta-system\\hotel404\\backend\\src\\controllers\\auth.ts","statementMap":{"0":{"start":{"line":1,"column":0},"end":{"line":1,"column":31}},"1":{"start":{"line":3,"column":0},"end":{"line":3,"column":31}},"2":{"start":{"line":6,"column":13},"end":{"line":6,"column":56}},"3":{"start":{"line":9,"column":31},"end":{"line":30,"column":1}},"4":{"start":{"line":11,"column":18},"end":{"line":11,"column":35}},"5":{"start":{"line":14,"column":4},"end":{"line":29,"column":5}},"6":{"start":{"line":15,"column":8},"end":{"line":25,"column":9}},"7":{"start":{"line":17,"column":27},"end":{"line":17,"column":63}},"8":{"start":{"line":20,"column":12},"end":{"line":20,"column":65}},"9":{"start":{"line":21,"column":12},"end":{"line":21,"column":19}},"10":{"start":{"line":23,"column":12},"end":{"line":23,"column":49}},"11":{"start":{"line":24,"column":12},"end":{"line":24,"column":39}},"12":{"start":{"line":28,"column":8},"end":{"line":28,"column":28}},"13":{"start":{"line":9,"column":13},"end":{"line":9,"column":31}}},"fnMap":{"0":{"name":"(anonymous_1)","decl":{"start":{"line":9,"column":31},"end":{"line":9,"column":32}},"loc":{"start":{"line":9,"column":83},"end":{"line":30,"column":1}}}},"branchMap":{"0":{"loc":{"start":{"line":14,"column":4},"end":{"line":29,"column":5}},"type":"if","locations":[{"start":{"line":14,"column":4},"end":{"line":29,"column":5}},{"start":{"line":26,"column":11},"end":{"line":29,"column":5}}]}},"s":{"0":1,"1":1,"2":1,"3":1,"4":3,"5":3,"6":2,"7":2,"8":1,"9":1,"10":1,"11":1,"12":1,"13":1},"f":{"0":3},"b":{"0":[2,1]}}
}
