TN:
SF:src\logger.ts
FN:12,(anonymous_1)
FN:25,(anonymous_2)
FNF:2
FNH:2
FNDA:1,(anonymous_1)
FNDA:1,(anonymous_2)
DA:1,1
DA:2,1
DA:8,1
DA:9,1
DA:12,1
DA:13,1
DA:14,1
DA:15,1
DA:16,1
DA:17,1
DA:18,1
DA:19,1
DA:21,0
DA:25,1
DA:26,1
DA:27,1
DA:31,1
DA:47,1
LF:18
LH:17
BRDA:13,0,0,0
BRDA:13,0,1,1
BRDA:13,1,0,1
BRDA:13,1,1,1
BRDA:14,2,0,0
BRDA:14,2,1,1
BRDA:14,3,0,1
BRDA:14,3,1,1
BRDA:15,4,0,1
BRF:9
BRH:7
end_of_record
TN:
SF:src\controllers\auth.ts
FN:9,(anonymous_1)
FNF:1
FNH:1
FNDA:3,(anonymous_1)
DA:1,1
DA:3,1
DA:6,1
DA:9,1
DA:11,3
DA:14,3
DA:15,2
DA:17,2
DA:20,1
DA:21,1
DA:23,1
DA:24,1
DA:28,1
LF:13
LH:13
BRDA:14,0,0,2
BRDA:14,0,1,1
BRF:2
BRH:2
end_of_record
