TN:
SF:src/logger.ts
FN:12,(anonymous_1)
FN:25,(anonymous_2)
FNF:2
FNH:2
FNDA:1,(anonymous_1)
FNDA:1,(anonymous_2)
DA:1,2
DA:2,2
DA:8,2
DA:9,2
DA:12,2
DA:13,1
DA:14,1
DA:15,1
DA:16,1
DA:17,1
DA:18,1
DA:19,1
DA:21,0
DA:25,2
DA:26,1
DA:27,1
DA:31,2
DA:47,2
LF:18
LH:17
BRDA:13,0,0,0
BRDA:13,0,1,1
BRDA:13,1,0,1
BRDA:13,1,1,1
BRDA:14,2,0,0
BRDA:14,2,1,1
BRDA:14,3,0,1
BRDA:14,3,1,1
BRDA:15,4,0,1
BRF:9
BRH:7
end_of_record
TN:
SF:src/Model/Booking.ts
FNF:0
FNH:0
DA:1,1
DA:3,1
DA:25,1
LF:3
LH:3
BRF:0
BRH:0
end_of_record
TN:
SF:src/Model/HotelModel.ts
FNF:0
FNH:0
DA:2,1
DA:4,1
DA:42,1
LF:3
LH:3
BRF:0
BRH:0
end_of_record
TN:
SF:src/controllers/auth.ts
FN:9,(anonymous_1)
FNF:1
FNH:1
FNDA:3,(anonymous_1)
DA:1,1
DA:3,1
DA:6,1
DA:9,1
DA:11,3
DA:14,3
DA:15,2
DA:17,2
DA:20,1
DA:21,1
DA:23,1
DA:24,1
DA:28,1
LF:13
LH:13
BRDA:14,0,0,2
BRDA:14,0,1,1
BRF:2
BRH:2
end_of_record
TN:
SF:src/controllers/hotelController.ts
FN:6,getHotels
FN:29,hotelFreeBetweenDates
FN:44,getAllHotels
FN:50,getHotelDocumentById
FN:72,getHotelDocumentByName
FN:95,createHotel
FNF:6
FNH:2
FNDA:2,getHotels
FNDA:3,hotelFreeBetweenDates
FNDA:0,getAllHotels
FNDA:0,getHotelDocumentById
FNDA:0,getHotelDocumentByName
FNDA:0,createHotel
DA:1,1
DA:2,1
DA:3,1
DA:6,1
DA:8,2
DA:9,1
DA:10,1
DA:13,1
DA:16,2
DA:17,2
DA:18,2
DA:19,2
DA:20,3
DA:21,3
DA:22,3
DA:23,3
DA:26,2
DA:29,1
DA:30,3
DA:31,3
DA:32,3
DA:33,0
DA:34,0
DA:35,0
DA:36,0
DA:37,0
DA:40,3
DA:41,3
DA:44,1
DA:45,0
DA:46,0
DA:47,0
DA:50,1
DA:52,0
DA:53,0
DA:54,0
DA:56,0
DA:57,0
DA:59,0
DA:63,0
DA:64,0
DA:66,0
DA:68,0
DA:72,1
DA:74,0
DA:75,0
DA:76,0
DA:77,0
DA:79,0
DA:80,0
DA:82,0
DA:86,0
DA:87,0
DA:89,0
DA:91,0
DA:95,1
DA:96,0
LF:57
LH:27
BRDA:8,0,0,1
BRDA:8,0,1,1
BRDA:21,1,0,3
BRDA:35,2,0,0
BRDA:35,3,0,0
BRDA:35,3,1,0
BRDA:54,4,0,0
BRDA:63,5,0,0
BRDA:63,5,1,0
BRDA:77,6,0,0
BRDA:86,7,0,0
BRDA:86,7,1,0
BRF:12
BRH:3
end_of_record
